{"numTotalTestSuites":12,"numPassedTestSuites":12,"numFailedTestSuites":0,"numPendingTestSuites":0,"numTotalTests":40,"numPassedTests":40,"numFailedTests":0,"numPendingTests":0,"numTodoTests":0,"startTime":1771317445638,"success":true,"testResults":[{"assertionResults":[{"ancestorTitles":["","Fixture setup"],"fullName":" Fixture setup tic-tac-toe.process.js exists in fixture","status":"passed","title":"tic-tac-toe.process.js exists in fixture","duration":2,"failureMessages":[]},{"ancestorTitles":["","Fixture setup"],"fullName":" Fixture setup inputs.json exists in fixture","status":"passed","title":"inputs.json exists in fixture","duration":1,"failureMessages":[]},{"ancestorTitles":["","Fixture setup"],"fullName":" Fixture setup request.task.md exists in fixture","status":"passed","title":"request.task.md exists in fixture","duration":0,"failureMessages":[]},{"ancestorTitles":["","Full E2E orchestration (tic-tac-toe)"],"fullName":" Full E2E orchestration (tic-tac-toe) babysitter orchestration runs to completion","status":"skipped","title":"babysitter orchestration runs to completion","failureMessages":[]},{"ancestorTitles":["","Output verification"],"fullName":" Output verification index.html was generated and is non-empty","status":"skipped","title":"index.html was generated and is non-empty","failureMessages":[]},{"ancestorTitles":["","Output verification"],"fullName":" Output verification JavaScript game file was generated and is non-empty","status":"skipped","title":"JavaScript game file was generated and is non-empty","failureMessages":[]},{"ancestorTitles":["","Output verification"],"fullName":" Output verification .a5c/runs directory has at least one run","status":"skipped","title":".a5c/runs directory has at least one run","failureMessages":[]},{"ancestorTitles":["","Output verification"],"fullName":" Output verification most recent run has journal entries","status":"skipped","title":"most recent run has journal entries","failureMessages":[]},{"ancestorTitles":["","Output verification"],"fullName":" Output verification run status is completed","status":"skipped","title":"run status is completed","failureMessages":[]},{"ancestorTitles":["","Output verification"],"fullName":" Output verification no pending tasks remain","status":"skipped","title":"no pending tasks remain","failureMessages":[]},{"ancestorTitles":["","Output verification"],"fullName":" Output verification stop hook log has execution entries","status":"skipped","title":"stop hook log has execution entries","failureMessages":[]},{"ancestorTitles":["","Output verification"],"fullName":" Output verification stop hook log shows iteration increments","status":"skipped","title":"stop hook log shows iteration increments","failureMessages":[]}],"startTime":1771317550419,"endTime":1771317550422,"status":"passed","message":"","name":"C:/Users/tmusk/IdeaProjects/babysitter/e2e-tests/docker/orchestration.test.ts"},{"assertionResults":[{"ancestorTitles":["","Babysitter SDK CLI"],"fullName":" Babysitter SDK CLI babysitter health --json returns valid JSON","status":"passed","title":"babysitter health --json returns valid JSON","duration":173,"failureMessages":[]},{"ancestorTitles":["","Babysitter SDK CLI"],"fullName":" Babysitter SDK CLI session:init and session:state roundtrip","status":"passed","title":"session:init and session:state roundtrip","duration":191,"failureMessages":[]},{"ancestorTitles":["","Babysitter SDK CLI"],"fullName":" Babysitter SDK CLI session:update increments iteration","status":"passed","title":"session:update increments iteration","duration":224,"failureMessages":[]},{"ancestorTitles":["","Babysitter SDK CLI"],"fullName":" Babysitter SDK CLI session:update --delete removes session","status":"passed","title":"session:update --delete removes session","duration":223,"failureMessages":[]}],"startTime":1771317560653,"endTime":1771317561464,"status":"passed","message":"","name":"C:/Users/tmusk/IdeaProjects/babysitter/e2e-tests/docker/sdk-cli.test.ts"},{"assertionResults":[{"ancestorTitles":["","Stop hook lifecycle"],"fullName":" Stop hook lifecycle exits 0 (allows exit) when no session state exists","status":"passed","title":"exits 0 (allows exit) when no session state exists","duration":336,"failureMessages":[]},{"ancestorTitles":["","Stop hook lifecycle"],"fullName":" Stop hook lifecycle blocks exit when active session state exists","status":"passed","title":"blocks exit when active session state exists","duration":2012,"failureMessages":[]},{"ancestorTitles":["","Stop hook lifecycle"],"fullName":" Stop hook lifecycle increments iteration counter on each invocation","status":"passed","title":"increments iteration counter on each invocation","duration":1694,"failureMessages":[]},{"ancestorTitles":["","Stop hook lifecycle"],"fullName":" Stop hook lifecycle detects completion secret and allows exit","status":"passed","title":"detects completion secret and allows exit","duration":1601,"failureMessages":[]},{"ancestorTitles":["","Stop hook lifecycle"],"fullName":" Stop hook lifecycle handles missing transcript gracefully","status":"passed","title":"handles missing transcript gracefully","duration":643,"failureMessages":[]},{"ancestorTitles":["","Stop hook lifecycle"],"fullName":" Stop hook lifecycle handles empty JSON input gracefully","status":"passed","title":"handles empty JSON input gracefully","duration":270,"failureMessages":[]}],"startTime":1771317541262,"endTime":1771317547818,"status":"passed","message":"","name":"C:/Users/tmusk/IdeaProjects/babysitter/e2e-tests/docker/stop-hook.test.ts"},{"assertionResults":[{"ancestorTitles":["","Docker structural tests"],"fullName":" Docker structural tests babysitter CLI is available and returns a version","status":"passed","title":"babysitter CLI is available and returns a version","duration":181,"failureMessages":[]},{"ancestorTitles":["","Docker structural tests"],"fullName":" Docker structural tests claude CLI is available","status":"passed","title":"claude CLI is available","duration":792,"failureMessages":[]},{"ancestorTitles":["","Docker structural tests"],"fullName":" Docker structural tests Node.js v20+ is installed","status":"passed","title":"Node.js v20+ is installed","duration":116,"failureMessages":[]},{"ancestorTitles":["","Docker structural tests"],"fullName":" Docker structural tests jq is installed","status":"passed","title":"jq is installed","duration":130,"failureMessages":[]},{"ancestorTitles":["","Docker structural tests"],"fullName":" Docker structural tests runs as non-root user claude","status":"passed","title":"runs as non-root user claude","duration":93,"failureMessages":[]},{"ancestorTitles":["","Docker structural tests"],"fullName":" Docker structural tests HOME is /home/claude","status":"passed","title":"HOME is /home/claude","duration":150,"failureMessages":[]},{"ancestorTitles":["","Docker structural tests"],"fullName":" Docker structural tests /entrypoint.sh exists and is executable","status":"passed","title":"/entrypoint.sh exists and is executable","duration":155,"failureMessages":[]},{"ancestorTitles":["","Docker structural tests"],"fullName":" Docker structural tests /workspace directory exists","status":"passed","title":"/workspace directory exists","duration":142,"failureMessages":[]},{"ancestorTitles":["","Plugin installation"],"fullName":" Plugin installation plugin directory exists","status":"passed","title":"plugin directory exists","duration":118,"failureMessages":[]},{"ancestorTitles":["","Plugin installation"],"fullName":" Plugin installation plugin.json exists with correct skills","status":"passed","title":"plugin.json exists with correct skills","duration":135,"failureMessages":[]},{"ancestorTitles":["","Plugin installation"],"fullName":" Plugin installation hooks.json registers Stop hook","status":"passed","title":"hooks.json registers Stop hook","duration":178,"failureMessages":[]},{"ancestorTitles":["","Plugin installation"],"fullName":" Plugin installation hooks.json registers SessionStart hook","status":"passed","title":"hooks.json registers SessionStart hook","duration":141,"failureMessages":[]},{"ancestorTitles":["","Plugin installation"],"fullName":" Plugin installation stop hook script is executable","status":"passed","title":"stop hook script is executable","duration":113,"failureMessages":[]},{"ancestorTitles":["","Plugin installation"],"fullName":" Plugin installation session start hook script is executable","status":"passed","title":"session start hook script is executable","duration":111,"failureMessages":[]},{"ancestorTitles":["","Plugin installation"],"fullName":" Plugin installation installed_plugins.json has correct install path","status":"passed","title":"installed_plugins.json has correct install path","duration":161,"failureMessages":[]},{"ancestorTitles":["","Plugin installation"],"fullName":" Plugin installation settings.json enables babysitter plugin","status":"passed","title":"settings.json enables babysitter plugin","duration":133,"failureMessages":[]},{"ancestorTitles":["","Plugin installation"],"fullName":" Plugin installation error-codes.sh is sourceable","status":"passed","title":"error-codes.sh is sourceable","duration":105,"failureMessages":[]},{"ancestorTitles":["","Entrypoint validation"],"fullName":" Entrypoint validation rejects missing API key","status":"passed","title":"rejects missing API key","duration":140,"failureMessages":[]}],"startTime":1771317553999,"endTime":1771317557093,"status":"passed","message":"","name":"C:/Users/tmusk/IdeaProjects/babysitter/e2e-tests/docker/structural.test.ts"}]}